2019/02/03, 22:32:02 Client: Object 21:10 (type Type_128) not found.

2019/02/03, 22:32:03 Client: Object 21:10 (type Type_128) not found.

2019/02/03, 22:32:03 Client: Object 21:10 (type Type_128) not found.

2019/02/03, 22:32:03 Client: Object 21:10 (type Type_128) not found.

2019/02/03, 22:32:03 "[OPT] (Budget) LOG: 1:59:58 --- CSAT alt: -111500 - neu: -101500 - Differenz: +10000. Schrecki (ver)kaufte CSAT Granatenkiste"

2019/02/03, 22:32:03 Client: Object 21:10 (type Type_128) not found.

2019/02/03, 22:32:03 "[OPT] (Budget) LOG: 1:59:59 --- CSAT alt: -101500 - neu: -91500 - Differenz: +10000. Schrecki (ver)kaufte CSAT Raketenkiste"

2019/02/03, 22:32:03 Client: Object 21:10 (type Type_128) not found.

2019/02/03, 22:32:03 "TFAR_RadioRequestEvent [[""TFAR_anprc152_147""],nato_sanitaeter_4] 7754.04"

2019/02/03, 22:32:03 "Send TFAR_RadioRequestResponseEvent [154] 7754.04"

2019/02/03, 22:32:03 Client: Object 21:10 (type Type_128) not found.

2019/02/03, 22:32:04 Client: Object 21:10 (type Type_128) not found.

2019/02/03, 22:32:04 "[OPT] (Budget) LOG: 1:59:59 --- CSAT alt: -91500 - neu: -81500 - Differenz: +10000. Schrecki (ver)kaufte CSAT Munitionskiste"

2019/02/03, 22:32:04 Client: Object 21:10 (type Type_128) not found.

2019/02/03, 22:32:04 Client: Object 21:10 (type Type_128) not found.

2019/02/03, 22:32:04 "[OPT] (Budget) LOG: 1:59:60 --- CSAT alt: -81500 - neu: -71500 - Differenz: +10000. Schrecki (ver)kaufte CSAT Raketenkiste"

2019/02/03, 22:32:04 Client: Object 21:10 (type Type_128) not found.

2019/02/03, 22:32:04 "[OPT] (Budget) LOG: 1:59:60 --- CSAT alt: -71500 - neu: -61500 - Differenz: +10000. Schrecki (ver)kaufte CSAT Spezialkiste"

2019/02/03, 22:32:04 Client: Object 21:10 (type Type_128) not found.

2019/02/03, 22:32:04 "[OPT] (Mission) LOG: 2:00:00 --- Missionzeit abgelaufen"

2019/02/03, 22:32:04 "[OPT] (Fraktionsübersicht) LOG: 2:00:00 --- Saxe (WEST), PUID 76561198042291997"

2019/02/03, 22:32:04 "[OPT] (Fraktionsübersicht) LOG: 2:00:00 --- Dominik (WEST), PUID 76561197966827920"

2019/02/03, 22:32:04 "[OPT] (Fraktionsübersicht) LOG: 2:00:00 --- Brian771 (EAST), PUID 76561198069476670"

2019/02/03, 22:32:04 "[OPT] (Fraktionsübersicht) LOG: 2:00:00 --- Andi-de (WEST), PUID 76561198084868720"

2019/02/03, 22:32:04 "[OPT] (Fraktionsübersicht) LOG: 2:00:00 --- [WGP]Pacman (WEST), PUID 76561198021408986"

2019/02/03, 22:32:04 "[OPT] (Fraktionsübersicht) LOG: 2:00:00 --- Scott (EAST), PUID 76561197991384125"

2019/02/03, 22:32:04 "[OPT] (Fraktionsübersicht) LOG: 2:00:00 --- [GNC]Thrower (WEST), PUID 76561198058552015"

2019/02/03, 22:32:04 "[OPT] (Fraktionsübersicht) LOG: 2:00:00 --- Gelir (WEST), PUID 76561198043870398"

2019/02/03, 22:32:04 "[OPT] (Fraktionsübersicht) LOG: 2:00:00 --- Henry Dalton (WEST), PUID 76561198142419633"

2019/02/03, 22:32:04 "[OPT] (Fraktionsübersicht) LOG: 2:00:00 --- Certain Death (EAST), PUID 76561198153292041"

2019/02/03, 22:32:04 "[OPT] (Fraktionsübersicht) LOG: 2:00:00 --- CjiNoo (EAST), PUID 76561198011601139"

2019/02/03, 22:32:04 "[OPT] (Fraktionsübersicht) LOG: 2:00:00 --- form (EAST), PUID 76561198124047439"

2019/02/03, 22:32:04 "[OPT] (Fraktionsübersicht) LOG: 2:00:00 --- GBKings (EAST), PUID 76561197972091611"

2019/02/03, 22:32:04 "[OPT] (Fraktionsübersicht) LOG: 2:00:00 --- Bernhard (WEST), PUID 76561198086622753"

2019/02/03, 22:32:04 "[OPT] (Fraktionsübersicht) LOG: 2:00:00 --- Frozen_byte (WEST), PUID 76561198052374323"

2019/02/03, 22:32:04 "[OPT] (Fraktionsübersicht) LOG: 2:00:00 --- Protox (EAST), PUID 76561197988318118"

2019/02/03, 22:32:04 "[OPT] (Fraktionsübersicht) LOG: 2:00:00 --- [GNC]Kesseleddy (WEST), PUID 76561198035540222"

2019/02/03, 22:32:04 "[OPT] (Fraktionsübersicht) LOG: 2:00:00 --- Paolo[GNC] (WEST), PUID 76561198085855074"

2019/02/03, 22:32:04 "[OPT] (Fraktionsübersicht) LOG: 2:00:00 --- DerSven78 (WEST), PUID 76561198008215016"

2019/02/03, 22:32:04 "[OPT] (Fraktionsübersicht) LOG: 2:00:00 --- Harbicht (EAST), PUID 76561198027494262"

2019/02/03, 22:32:04 "[OPT] (Fraktionsübersicht) LOG: 2:00:00 --- [WGP]eXcalibur (WEST), PUID 76561197969841532"

2019/02/03, 22:32:04 "[OPT] (Fraktionsübersicht) LOG: 2:00:00 --- Dave (WEST), PUID 76561198005786854"

2019/02/03, 22:32:04 "[OPT] (Fraktionsübersicht) LOG: 2:00:00 --- Paul (WEST), PUID 76561197962109865"

2019/02/03, 22:32:04 "[OPT] (Fraktionsübersicht) LOG: 2:00:00 --- Niffer (EAST), PUID 76561198003667572"

2019/02/03, 22:32:04 "[OPT] (Fraktionsübersicht) LOG: 2:00:00 --- =B2F= Vadi Kaminski (EAST), PUID 76561198043831412"

2019/02/03, 22:32:04 "[OPT] (Fraktionsübersicht) LOG: 2:00:00 --- Murda]X[ (WEST), PUID 76561197971121630"

2019/02/03, 22:32:04 "[OPT] (Fraktionsübersicht) LOG: 2:00:00 --- Preacher (EAST), PUID 76561198126166020"

2019/02/03, 22:32:04 "[OPT] (Fraktionsübersicht) LOG: 2:00:00 --- Raffda (EAST), PUID 76561198122953056"

2019/02/03, 22:32:04 "[OPT] (Fraktionsübersicht) LOG: 2:00:00 --- Kai (EAST), PUID 76561198076325148"

2019/02/03, 22:32:04 "[OPT] (Fraktionsübersicht) LOG: 2:00:00 --- [DEW]Daniel Emsi (WEST), PUID 76561198151834173"

2019/02/03, 22:32:04 "[OPT] (Fraktionsübersicht) LOG: 2:00:00 --- Gisi [NOLF] (EAST), PUID 76561198085715221"

2019/02/03, 22:32:04 "[OPT] (Fraktionsübersicht) LOG: 2:00:00 --- KLI |NOLF| (EAST), PUID 76561197974458535"

2019/02/03, 22:32:04 "[OPT] (Fraktionsübersicht) LOG: 2:00:00 --- S1ckBoY (EAST), PUID 76561198015561316"

2019/02/03, 22:32:04 "[OPT] (Fraktionsübersicht) LOG: 2:00:00 --- OPPA NOLF (EAST), PUID 76561198087623814"

2019/02/03, 22:32:04 "[OPT] (Fraktionsübersicht) LOG: 2:00:00 --- HardiReady (WEST), PUID 76561197963343196"

2019/02/03, 22:32:04 "[OPT] (Fraktionsübersicht) LOG: 2:00:00 --- |NATO|Tobgru (WEST), PUID 76561197990764700"

2019/02/03, 22:32:04 "[OPT] (Fraktionsübersicht) LOG: 2:00:00 --- ElLoco (WEST), PUID 76561197989645214"

2019/02/03, 22:32:04 "[OPT] (Fraktionsübersicht) LOG: 2:00:00 --- =B2F= Maxim Kaminski (EAST), PUID 76561198001801346"

2019/02/03, 22:32:04 "[OPT] (Fraktionsübersicht) LOG: 2:00:00 --- mehrb00n (EAST), PUID 76561197979886903"

2019/02/03, 22:32:04 "[OPT] (Fraktionsübersicht) LOG: 2:00:00 --- Kalle (EAST), PUID 76561197977676036"

2019/02/03, 22:32:04 "[OPT] (Fraktionsübersicht) LOG: 2:00:00 --- -Heiko- (WEST), PUID 76561198030436135"

2019/02/03, 22:32:04 "[OPT] (Fraktionsübersicht) LOG: 2:00:00 --- [GNC]Lord-MDB (WEST), PUID 76561197998700054"

2019/02/03, 22:32:04 "[OPT] (Fraktionsübersicht) LOG: 2:00:00 --- Matze (WEST), PUID 76561198008493994"

2019/02/03, 22:32:04 "[OPT] (Fraktionsübersicht) LOG: 2:00:00 --- Pumarang (EAST), PUID 76561198050321485"

2019/02/03, 22:32:04 "[OPT] (Fraktionsübersicht) LOG: 2:00:00 --- [EGC] junky82 (WEST), PUID 76561197992506151"

2019/02/03, 22:32:04 "[OPT] (Fraktionsübersicht) LOG: 2:00:00 --- Elefant statt Vaterland (EAST), PUID 76561198064773500"

2019/02/03, 22:32:04 "[OPT] (Fraktionsübersicht) LOG: 2:00:00 --- [DEW] Zocker (WEST), PUID 76561198128586767"

2019/02/03, 22:32:04 "[OPT] (Fraktionsübersicht) LOG: 2:00:00 --- Manu (EAST), PUID 76561198045791297"

2019/02/03, 22:32:04 "[OPT] (Fraktionsübersicht) LOG: 2:00:00 --- L. Canavar (EAST), PUID 76561198171657467"

2019/02/03, 22:32:05 "[OPT] (Fraktionsübersicht) LOG: 2:00:00 --- [GNC]eXtrem (WEST), PUID 76561197986514244"

2019/02/03, 22:32:05 "[OPT] (Fraktionsübersicht) LOG: 2:00:00 --- Delta (EAST), PUID 76561198188674328"

2019/02/03, 22:32:05 "[OPT] (Fraktionsübersicht) LOG: 2:00:00 --- Schrecki (EAST), PUID 76561198015429139"

2019/02/03, 22:32:05 "[OPT] (Fraktionsübersicht) LOG: 2:00:00 --- Wookey (WEST), PUID 76561198007321960"

2019/02/03, 22:32:05 "[OPT] (Fraktionsübersicht) LOG: 2:00:00 --- old (EAST), PUID 76561197978098620"

2019/02/03, 22:32:05 "[OPT] (FPS) LOG: 2:00:00 --- Avg. FPS for SERVER: [50,49,49,50,49,49,49,48,47,46,45,45,41,41,41,37,39,38,38,37,36,35,32,37,34,34,35,32,29,32,34,31,32,32,34,29,32,30,33,29,30,30,31,26,30,24,30,26,27,31,28,29,30,30,30,30,16,29,29,26,28,28,28,28,27,26,27,28,27,24,25,26,27,26,27,27,22,25,25,26,27,27,28,28,26,28,26,27,28,18,29,21,26,24,26,29,30,28,30,27,25,26,27,23,28,28,28,27,26,26,26,29,28,28,21,25,29,31,31,27]"

2019/02/03, 22:32:05 "[OPT] (FPS) LOG: 2:00:00 --- Min. FPS for SERVER: [43,43,48,43,40,40,40,42,40,37,37,40,34,34,37,30,33,30,32,32,29,30,26,32,30,29,31,29,24,30,26,28,26,29,28,25,29,26,29,25,27,22,26,22,24,20,23,20,26,28,25,23,22,25,25,27,3,24,24,20,24,24,24,21,23,20,22,23,23,19,20,17,22,18,22,20,17,21,21,20,22,22,22,25,21,22,21,23,20,14,23,17,19,15,20,22,26,19,24,20,18,20,19,14,22,22,20,20,19,20,20,20,22,20,12,20,22,23,26,20]"

2019/02/03, 22:32:05 "[OPT] (FPS) LOG: 2:00:00 --- Single avg. FPS for SERVER: 30.8417"

2019/02/03, 22:32:05 "[OPT] (FPS) LOG: 2:00:00 --- Single min. FPS for SERVER: 25.075"

2019/02/03, 22:32:05 "[OPT] (FPS) LOG: 2:00:00 --- Avg. FPS for [DEW]Daniel Emsi: [31,66,73,62,61,66,54,71,92,66,52,56,53,65,75,76,61,57,64,76,59,51,31,49,76,70,122,64,60,64,57,51,56,44,67,52,75,61,58,65,66,78,62,64,51,58,68,60,40,65,63,61,55,53,86,70,54,57,44,76,73,58,59,56,59,52,69,50,49,65,49,63,67,56,59,62,65,65,65,63,63,39,32,58,66,57,56,60,36,69,69,59,73,68,63,80,84,85,85,78,79,67,72,75,77,98,72,65,43,44,54,63,32,67,62,80,73,63,62,54]"

2019/02/03, 22:32:05 "[OPT] (FPS) LOG: 2:00:00 --- Min. FPS for [DEW]Daniel Emsi: [4,56,59,53,45,53,45,63,71,50,24,48,43,38,71,59,45,45,59,67,34,43,28,36,63,34,91,56,37,56,40,38,45,38,59,45,59,53,48,56,56,56,53,53,37,48,59,50,36,56,56,56,48,48,56,63,50,48,17,67,59,40,53,34,42,45,53,45,40,56,37,53,48,48,42,48,53,45,56,56,56,32,25,50,59,33,50,56,34,59,53,45,40,56,56,71,71,77,71,67,56,59,59,63,50,83,63,59,40,30,50,53,24,59,48,71,63,50,53,45]"

2019/02/03, 22:32:05 "[OPT] (FPS) LOG: 2:00:00 --- Single avg. FPS for [DEW]Daniel Emsi: 62.7167"

2019/02/03, 22:32:05 "[OPT] (FPS) LOG: 2:00:00 --- Single min. FPS for [DEW]Daniel Emsi: 50.5167"

2019/02/03, 22:32:05 "[OPT] (FPS) LOG: 2:00:00 --- Avg. FPS for =B2F= Maxim Kaminski: [61,55,54,44,55,54,44,50,49,60,52,49,48,62,56,60,55,62,60,60,60,60,59,60,60,60,61,60,54,51,59,60,29,56,48,49,58,57,50,33,43,45,47,45,44,50,49,59,37,52,50,60,55,60,48,46,61,59,50,60,55,60,59,59,51,57,44,45,44,45,43,64,55,49,63,38,45,60,50,50,59,36,55,56,65,49,60,58,63,59,59,60,53,60,58,49,60,60,50,49,51,50,50,46,52,60,60,48,43,55,53,54,54,61,50,60,48,45,60,34,43]"

2019/02/03, 22:32:05 "[OPT] (FPS) LOG: 2:00:00 --- Min. FPS for =B2F= Maxim Kaminski: [33,31,33,32,42,38,33,38,42,53,29,31,42,53,48,56,40,50,53,45,56,50,33,50,45,56,53,37,45,48,45,56,26,30,38,43,43,31,45,7,36,40,38,40,34,45,32,50,33,43,40,53,42,43,43,38,50,50,42,56,43,45,37,50,43,48,36,38,37,38,31,48,50,40,50,33,42,53,34,43,36,32,48,38,43,34,53,42,53,38,48,50,33,42,38,43,48,48,37,43,43,42,43,43,43,48,50,36,38,40,48,43,42,50,42,56,43,37,40,18,31]"

2019/02/03, 22:32:05 "[OPT] (FPS) LOG: 2:00:00 --- Single avg. FPS for =B2F= Maxim Kaminski: 53.0992"

2019/02/03, 22:32:05 "[OPT] (FPS) LOG: 2:00:00 --- Single min. FPS for =B2F= Maxim Kaminski: 41.8926"

2019/02/03, 22:32:05 "[OPT] (FPS) LOG: 2:00:00 --- Avg. FPS for [WGP]eXcalibur: [29,73,83,67,70,69,61,63,65,64,46,72,64,19,78,63,106,99,93,97,89,86,68,77,49,94,81,89,80,79,70,45,71,66,84,86,72,71,64,87,57,76,60,80,66,72,39,65,63,78,86,60,48,50,77,82,83,87,89,86,77,69,80,69,80,78,75,89,82,75,61,73,51,63,73,63,73,66,67,67,63,64,72,74,79,63,70,69,82,77,84,60,73,65,74,66,34,64,68,57,77,68,57,47,71,62,65,44,47,68,67,63,54,81,81,53,57,69,66,69]"

2019/02/03, 22:32:05 "[OPT] (FPS) LOG: 2:00:00 --- Min. FPS for [WGP]eXcalibur: [4,59,59,53,53,56,50,48,50,43,33,63,59,15,67,43,83,83,71,83,71,77,59,67,32,77,67,77,63,63,48,29,67,53,67,59,59,63,56,71,45,59,42,63,59,43,19,59,56,63,67,50,42,45,67,67,71,71,71,67,71,59,71,53,71,63,56,77,67,59,25,59,36,56,63,56,56,59,63,59,56,56,67,67,67,53,50,56,71,67,71,32,59,59,63,42,30,56,56,50,71,53,53,31,59,56,56,40,43,59,56,53,48,63,67,45,33,53,56,63]"

2019/02/03, 22:32:05 "[OPT] (FPS) LOG: 2:00:00 --- Single avg. FPS for [WGP]eXcalibur: 69.5667"

2019/02/03, 22:32:05 "[OPT] (FPS) LOG: 2:00:00 --- Single min. FPS for [WGP]eXcalibur: 56.5917"

2019/02/03, 22:32:05 "[OPT] (FPS) LOG: 2:00:00 --- Avg. FPS for Dominik: [31,68,70,60,66,55,55,57,53,63,55,60,73,49,64,65,69,75,68,64,90,55,70,64,57,65,46,64,64,50,59,47,63,78,47,63,64,73,60,69,36,44,64,51,62,62,68,50,37,57,60,57,57,55,65,67,71,86,66,73,62,62,51,61,58,66,65,51,60,36,59,56,53,57,64,58,61,52,56,66,65,70,68,44,48,84,59,78,78,55,32,70,55,37,65,51,43,62,69,52,56,53,65,61,64,64,58,65,46,57,55,66,74,71,54,46,62,56,59,59]"

2019/02/03, 22:32:05 "[OPT] (FPS) LOG: 2:00:00 --- Min. FPS for Dominik: [4,53,53,50,56,42,40,53,45,48,45,50,67,45,50,59,63,67,53,53,77,45,63,56,48,56,37,59,59,40,45,38,56,48,40,53,56,63,50,56,31,42,48,42,53,56,59,43,30,50,53,50,50,37,56,50,53,59,53,67,56,56,45,50,37,56,59,31,53,33,50,48,33,43,56,53,45,45,37,56,56,48,59,38,42,77,48,63,56,48,25,59,43,33,43,48,36,56,56,48,53,48,56,48,63,53,42,53,38,45,45,59,63,56,50,40,56,50,56,53]"

2019/02/03, 22:32:05 "[OPT] (FPS) LOG: 2:00:00 --- Single avg. FPS for Dominik: 59.8833"

2019/02/03, 22:32:05 "[OPT] (FPS) LOG: 2:00:00 --- Single min. FPS for Dominik: 49.7833"

2019/02/03, 22:32:05 "[OPT] (FPS) LOG: 2:00:00 --- Avg. FPS for =B2F= Vadi Kaminski: [32,30,40,35,34,28,28,28,18,31,25,31,44,2,29,28,29,43,29,30,35,33,29,23,38,31,54,29,28,35,31,29,66,29,34,35,32,33,26,34,21,28,27,25,29,18,25,38,34,38,31,31,34,33,32,20,23,29,35,36,30,40,30,25,33,23,30,28,28,23,21,31,27,25,26,33,29,24,28,23,24,40,26,29,30,50,37,36,52,18,26,37,32,32,34,36,33,36,20,31,28,28,29,22,34,28,40,32,29,18,31,30,30,28,34,33,27,25]"

2019/02/03, 22:32:05 "[OPT] (FPS) LOG: 2:00:00 --- Min. FPS for =B2F= Vadi Kaminski: [25,26,33,28,29,23,22,23,13,27,21,29,38,1,22,25,25,37,24,25,29,27,22,20,27,26,42,20,19,32,22,22,53,24,29,31,22,29,12,28,19,22,20,23,22,15,21,31,30,33,28,28,28,26,24,18,21,23,30,31,25,30,24,22,21,20,19,20,24,18,17,27,20,21,22,29,24,20,23,21,22,34,18,27,28,38,27,31,45,15,23,29,26,28,26,33,29,33,15,26,23,20,26,18,29,24,34,24,26,16,21,20,26,24,30,29,25,19]"

2019/02/03, 22:32:05 "[OPT] (FPS) LOG: 2:00:00 --- Single avg. FPS for =B2F= Vadi Kaminski: 30.5678"

2019/02/03, 22:32:05 "[OPT] (FPS) LOG: 2:00:00 --- Single min. FPS for =B2F= Vadi Kaminski: 25.0763"

2019/02/03, 22:32:05 "[OPT] (FPS) LOG: 2:00:00 --- Avg. FPS for [GNC]Kesseleddy: [32,39,43,39,39,41,32,29,28,37,29,29,43,57,41,31,29,39,40,39,44,39,43,38,37,25,35,39,35,26,36,41,43,26,34,38,28,28,48,34,34,33,38,39,40,39,27,32,23,45,33,30,37,31,32,35,12,8,28,34,59,39,38,31,35,37,39,38,50,30,34,38,34,34,33,45,37,31,37,36,37,38,40,38,34,37,39,39,38,32,39,38,50,37,37,40,34,37,37,38,60,38,39,38,46,38,43,43,49,25,30]"

2019/02/03, 22:32:05 "[OPT] (FPS) LOG: 2:00:00 --- Min. FPS for [GNC]Kesseleddy: [24,33,33,32,31,32,23,20,24,33,22,24,40,53,37,26,26,34,36,31,40,34,36,31,31,20,32,33,25,24,31,33,37,23,26,31,23,26,32,30,23,27,31,32,37,34,22,29,20,31,29,23,32,26,25,30,1,1,23,25,53,34,34,25,29,33,36,34,43,26,24,30,28,28,29,33,31,26,33,28,32,30,36,32,25,33,33,36,33,26,32,26,42,30,33,36,24,32,31,29,50,27,34,33,38,34,38,36,43,21,24]"

2019/02/03, 22:32:05 "[OPT] (FPS) LOG: 2:00:00 --- Single avg. FPS for [GNC]Kesseleddy: 36.4505"

2019/02/03, 22:32:05 "[OPT] (FPS) LOG: 2:00:00 --- Single min. FPS for [GNC]Kesseleddy: 30.2613"

2019/02/03, 22:32:05 "[OPT] (FPS) LOG: 2:00:00 --- Avg. FPS for Kai: [19,49,58,48,51,46,42,46,51,49,82,44,51,41,49,58,55,48,63,54,56,47,47,20,106,44,53,50,55,54,57,61,65,53,56,57,55,54,55,73,44,51,50,42,58,37,58,61,65,55,64,32,67,71,62,12,11,53,78,53,54,61,54,66,59,53,70,56,61,58,38,53,39,59,48,54]"

2019/02/03, 22:32:05 "[OPT] (FPS) LOG: 2:00:00 --- Min. FPS for Kai: [16,42,48,42,42,28,34,31,43,42,67,36,43,37,45,53,48,37,59,42,50,40,38,1,15,38,50,30,48,48,38,56,56,50,45,45,38,48,45,67,36,45,25,31,50,26,50,56,56,50,50,26,59,56,42,1,1,43,67,40,42,56,45,59,53,43,56,48,53,43,33,43,32,50,42,43]"

2019/02/03, 22:32:05 "[OPT] (FPS) LOG: 2:00:00 --- Single avg. FPS for Kai: 53.0132"

2019/02/03, 22:32:05 "[OPT] (FPS) LOG: 2:00:00 --- Single min. FPS for Kai: 42.5263"

2019/02/03, 22:32:05 "[OPT] (FPS) LOG: 2:00:00 --- Avg. FPS for DerSven78: [30,37,41,37,41,18,51,36,25,34,23,52,53,52,42,62,26,46,41,58,47,29,49,47,41,47,52,66,50,46,58,58,62,35,49,46,41,41,40,32,39,45,45,44,50,45,36,40,26,47,45,50,40,40,38,37,35,53,66,40,41,46,36,43,29,30,44,48,42,50,41,34,37,61,39,38,35,34,41,40,28,42,29,38,36,32,31,65,50,38,37,30,38,36,54,57,36,34,48,40,43,19,20,40,29,38,26,26,37,34,36,34,48,36,41,35,20,53,39,33]"

2019/02/03, 22:32:05 "[OPT] (FPS) LOG: 2:00:00 --- Min. FPS for DerSven78: [18,29,30,31,34,2,33,24,21,27,11,42,32,45,25,53,22,38,29,50,42,5,38,40,28,34,45,56,40,40,45,34,50,30,43,40,36,37,37,21,16,37,31,37,36,38,32,33,5,42,36,30,29,33,32,34,24,40,56,25,29,38,32,30,22,21,40,40,36,42,34,29,33,50,33,31,30,30,36,24,19,29,26,12,32,29,26,56,43,36,34,27,29,29,42,48,29,25,23,36,33,16,17,34,23,34,23,22,34,30,32,29,43,32,34,31,3,43,34,23]"

2019/02/03, 22:32:05 "[OPT] (FPS) LOG: 2:00:00 --- Single avg. FPS for DerSven78: 40.8083"

2019/02/03, 22:32:05 "[OPT] (FPS) LOG: 2:00:00 --- Single min. FPS for DerSven78: 32.025"

2019/02/03, 22:32:05 "[OPT] (FPS) LOG: 2:00:00 --- Avg. FPS for Henry Dalton: [30,19,19,38,40,35,40,37,27,40,45,40,42,42,47,45,50,50,55,44,62,43,40,53,34,51,54,48,54,31,51,38,30,30,52,53,38,40,35,50,47,20,45,45,39,46,41,47,44,51,37,27,25,28,32,31,33,32,32,35,27,26,46,33,26,27,32,33,41,23,25,27,38,34,39,26,22,23,22,26,27,22,22,22,33,27,33,31,29,33,42,29,29,30,30,30,40,39,40,30,23,21,21,23,30,24,19,20,30,29,36,30,25,24,19,28,27,24,26,26]"

2019/02/03, 22:32:05 "[OPT] (FPS) LOG: 2:00:00 --- Min. FPS for Henry Dalton: [25,17,16,27,34,27,31,30,24,34,37,27,38,40,42,40,45,29,36,40,56,37,30,43,28,42,45,38,50,26,33,32,26,27,45,48,30,34,32,43,33,19,38,38,34,40,30,38,36,43,33,22,23,21,29,26,27,29,28,31,23,23,40,29,21,24,29,28,34,13,21,21,33,29,34,23,18,18,20,24,22,19,20,20,29,23,26,28,27,29,36,25,26,27,24,27,28,34,34,27,21,19,18,19,26,17,15,14,24,21,29,22,22,21,17,26,24,19,24,24]"

2019/02/03, 22:32:05 "[OPT] (FPS) LOG: 2:00:00 --- Single avg. FPS for Henry Dalton: 34.4"

2019/02/03, 22:32:05 "[OPT] (FPS) LOG: 2:00:00 --- Single min. FPS for Henry Dalton: 28.8333"

2019/02/03, 22:32:05 "[OPT] (FPS) LOG: 2:00:00 --- Avg. FPS for HardiReady: [31,32,35,32,32,30,31,22,21,26,21,21,31,40,57,27,22,31,34,45,33,34,20,30,51,27,33,28,19,16,27,30,30,27,32,32,25,28,29,25,27,24,42,23,25,25,26,27,17,28,34,37,31,36,26,37,29,31,35,35,43,28,27,31,32,31,31,30,26,23,27,29,27,30,30,32,28,35,28,30,32,33,34,49,28,33,28,29,29,27,34,34,32,29,33,36,42,38,32,29,31,28,26,25,28,27]"

2019/02/03, 22:32:05 "[OPT] (FPS) LOG: 2:00:00 --- Min. FPS for HardiReady: [24,27,27,26,28,18,24,17,20,23,20,16,24,34,45,21,20,27,28,40,30,29,3,27,42,18,26,23,13,9,23,26,22,23,28,27,20,25,26,23,22,21,37,17,22,23,22,20,15,24,26,30,27,25,22,29,26,24,29,30,34,21,23,28,27,26,27,26,23,17,21,24,20,27,22,29,22,32,23,12,25,30,31,43,26,29,23,26,26,16,31,29,29,26,29,29,31,36,21,24,26,19,23,21,19,23]"

2019/02/03, 22:32:05 "[OPT] (FPS) LOG: 2:00:00 --- Single avg. FPS for HardiReady: 30.3396"

2019/02/03, 22:32:05 "[OPT] (FPS) LOG: 2:00:00 --- Single min. FPS for HardiReady: 24.8868"

2019/02/03, 22:32:05 "[OPT] (FPS) LOG: 2:00:00 --- Avg. FPS for ElLoco: [31,40,46,47,41,37,31,31,25,108,35,37,29,30,45,34,41,42,26,39,31,45,43,37,35,22,42,36,31,22,38,38,42,33,33,34,31,40,38,34,69,35,38,33,21,33,33,33,44,31,25,30,34,56,57,45,42,37,34,44,39,40,35,34,30,42,68,35,29,29,27,34,30,39,39,36,34,23,39,40,38,32,25,36,31,37,36,38,36,33,33,31,39,32,34,35,38,24,26,31,34,29,29,30,29,36,44,44,43,34,41,37,39,23,33,44,39,40,35,32]"

2019/02/03, 22:32:05 "[OPT] (FPS) LOG: 2:00:00 --- Min. FPS for ElLoco: [24,34,37,37,33,30,24,28,22,91,31,33,25,29,36,24,37,38,18,31,24,40,36,31,32,21,36,31,27,20,27,33,36,28,28,26,27,36,34,28,53,30,32,29,19,29,22,26,40,25,23,27,29,33,50,40,34,30,30,37,32,36,26,26,26,33,59,30,24,22,15,29,24,36,34,32,27,18,27,36,31,23,20,30,26,31,33,34,27,30,28,24,32,29,30,32,36,22,20,29,30,27,28,27,26,29,37,40,31,29,34,29,34,21,28,38,36,36,28,27]"

2019/02/03, 22:32:05 "[OPT] (FPS) LOG: 2:00:00 --- Single avg. FPS for ElLoco: 36.4667"

2019/02/03, 22:32:05 "[OPT] (FPS) LOG: 2:00:00 --- Single min. FPS for ElLoco: 30.625"

2019/02/03, 22:32:05 "[OPT] (FPS) LOG: 2:00:00 --- Avg. FPS for Saxe: [19,33,31,32,29,28,24,22,24,30,22,20,24,23,27,28,26,29,46,31,39,23,29,40,33,33,28,30,29,29,30,29,25,28,29,33,24,29,51,38,30,20,29,22,60,44,21,30,22,27,20,39,29,24,46,40,23,24,29,32,22,18,22,19,36,33,32,26,23,24,26,28,29,20,23,31,17,28,34,26,28,36,23,22,19,19,27,16,24,46,17,26,37,18,22,20,27,25,37,28,21,15,23,23,29,29,35,33,24,20,27,22,38,25,19,26,27,23,21,21]"

2019/02/03, 22:32:05 "[OPT] (FPS) LOG: 2:00:00 --- Min. FPS for Saxe: [10,26,25,24,23,24,20,14,19,24,17,18,17,22,22,24,22,24,36,26,34,20,25,33,24,29,24,23,26,19,26,25,19,22,27,24,21,25,29,31,23,17,23,18,45,32,18,24,19,19,14,29,23,21,33,31,19,19,20,24,16,16,19,16,29,26,26,20,20,21,22,24,23,16,19,22,11,24,32,21,23,31,20,20,17,14,24,14,19,36,14,19,20,15,18,17,22,20,26,24,17,13,18,19,16,26,29,27,19,16,24,18,31,23,14,22,20,16,15,9]"

2019/02/03, 22:32:05 "[OPT] (FPS) LOG: 2:00:00 --- Single avg. FPS for Saxe: 27.6917"

2019/02/03, 22:32:05 "[OPT] (FPS) LOG: 2:00:00 --- Single min. FPS for Saxe: 22.0167"

2019/02/03, 22:32:05 "[OPT] (FPS) LOG: 2:00:00 --- Avg. FPS for S1ckBoY: [19,30,33,28,28,24,25,23,24,21,18,24,25,31,26,27,23,25,27,39,30,23,27,27,32,28,38,27,26,29,41,31,30,27,59,21,23,27,60,24,25,28,33,28,33,26,24,19,12,32,31,34,36,29,23,21,23,23,25,22,21,30,31,31,20,20,20,27,25,26,23,27,27,18,22,27,25,24,38,29,41,38,37,25,27,34,31,30,34,34,32,30,29,23,22,31,28,31,27,19,29,26,28,24,29,25,25,23,26,32,27,25,25,31,21,20,36,40,42,39]"

2019/02/03, 22:32:05 "[OPT] (FPS) LOG: 2:00:00 --- Min. FPS for S1ckBoY: [11,23,29,24,24,20,22,19,21,19,14,21,22,29,20,23,19,17,18,34,25,20,25,26,30,24,29,22,23,25,37,26,28,24,50,17,19,25,50,21,20,25,29,23,26,23,22,17,9,26,27,28,26,25,20,20,21,19,18,19,17,26,26,28,15,13,16,26,23,24,15,24,24,17,15,21,21,20,36,26,33,32,32,20,24,31,25,23,26,29,27,27,26,19,20,26,24,27,24,16,24,21,21,20,25,21,22,21,22,29,21,22,19,27,18,15,31,37,38,33]"

2019/02/03, 22:32:05 "[OPT] (FPS) LOG: 2:00:00 --- Single avg. FPS for S1ckBoY: 28.0333"

2019/02/03, 22:32:05 "[OPT] (FPS) LOG: 2:00:00 --- Single min. FPS for S1ckBoY: 23.7417"

2019/02/03, 22:32:05 "[OPT] (FPS) LOG: 2:00:00 --- Avg. FPS for CjiNoo: [19,19,37,39,19,30,36,27,27,32,19,34,35,33,29,35,31,43,37,39,21,29,27,32,45,38,34,39,44,35,35,33,32,32,28,46,36,42,38,35,30,35,33,33,31,30,30,29,27,31,30,27,30,30,31,34,30,27,27,46,34,34,28,32,63,30,29,31,23,30,20,20,24,25,27,30,38,33,34,38,37,32,36,31,35,25,10,7,31,34,19,19,17,30,26,28,31,24,24,24,24,26,23,24,20,19,19,28,19,19,24,29,20,19,19,22,36,26,27,27,21,23]"

2019/02/03, 22:32:05 "[OPT] (FPS) LOG: 2:00:00 --- Min. FPS for CjiNoo: [12,13,30,30,14,25,27,17,18,21,14,28,31,24,25,29,26,37,31,24,17,25,19,23,33,30,29,30,38,29,31,29,17,27,22,34,30,37,30,23,24,23,22,28,26,25,25,26,22,26,24,24,24,27,26,26,25,25,22,40,28,28,24,28,53,25,24,28,20,25,14,17,18,20,24,27,30,26,29,31,28,28,25,25,26,14,1,1,25,31,15,15,6,21,21,23,25,19,19,19,21,20,21,20,15,14,16,21,14,14,18,26,18,13,16,15,27,22,22,15,18,20]"

2019/02/03, 22:32:05 "[OPT] (FPS) LOG: 2:00:00 --- Single avg. FPS for CjiNoo: 29.5"

2019/02/03, 22:32:05 "[OPT] (FPS) LOG: 2:00:00 --- Single min. FPS for CjiNoo: 23.3689"

2019/02/03, 22:32:05 "[OPT] (FPS) LOG: 2:00:00 --- Avg. FPS for GBKings: [18,23,27,18,20,19,19,21,22,22,18,22,18,15,43,16,24,28,27,16,24,23,21,25,21,24,19,24,25,22,23,19,19,13,26,14,23,19,22,17,22,21,18,16,12,20,21,23,11,23,24,24,24,19,21,19,20,15,13,23,33,23,21,16,27,15,17,17,18,15,17,21,15,13,19,18,14,21,23,16,17,16,21,20,20,17,18,19,12,22,21,17,13,12,20,21,19,21,17,13,18,20,24,13,3,21,21,21,21,18,20,20,23,19,18,20,20,19,17,14]"

2019/02/03, 22:32:05 "[OPT] (FPS) LOG: 2:00:00 --- Min. FPS for GBKings: [8,20,23,17,17,11,15,18,19,19,14,19,16,11,26,13,19,25,23,13,22,20,16,20,17,20,14,21,23,20,20,14,17,10,21,11,20,16,18,13,20,18,13,14,10,15,19,19,9,16,21,20,21,18,19,14,18,14,10,21,24,20,18,12,23,14,14,14,16,12,12,17,11,10,16,13,11,19,19,14,15,14,17,17,19,12,17,14,10,17,17,15,11,8,18,17,15,18,9,9,14,15,16,10,1,15,18,19,17,14,17,15,16,16,17,16,18,16,15,10]"

2019/02/03, 22:32:05 "[OPT] (FPS) LOG: 2:00:00 --- Single avg. FPS for GBKings: 19.6083"

2019/02/03, 22:32:05 "[OPT] (FPS) LOG: 2:00:00 --- Single min. FPS for GBKings: 16.0083"

2019/02/03, 22:32:05 "[OPT] (FPS) LOG: 2:00:00 --- Avg. FPS for Brian771: [19,37,47,38,40,32]"

2019/02/03, 22:32:05 "[OPT] (FPS) LOG: 2:00:00 --- Min. FPS for Brian771: [11,26,36,32,30,27]"

2019/02/03, 22:32:05 "[OPT] (FPS) LOG: 2:00:00 --- Single avg. FPS for Brian771: 35.5"

2019/02/03, 22:32:05 "[OPT] (FPS) LOG: 2:00:00 --- Single min. FPS for Brian771: 27"

2019/02/03, 22:32:05 "[OPT] (FPS) LOG: 2:00:00 --- Avg. FPS for [WGP]Pacman: [68,6,6,54,55,87,80,51,54,69,57,64,32,56,37,52,50,57,58,59,61,52,82,51,49,88,65,72,60,67,65,61,75,74,65,68,42,66,78,70,69,69,73,37,70,79,39,63,54,54,70,74,50,67,69,75,66,66,65,70,33,44,61,44,54,74,56,55,54,71,67,68,67,64,29,71,39,65,45,63,69,78,73,69,55,66,58,65,92,30,30,61,69,62,59,62,62,70,65,42,30,30,39,60,56,67,71,67,56,66,68,74,78,72,72,68,70,84,59,70]"

2019/02/03, 22:32:05 "[OPT] (FPS) LOG: 2:00:00 --- Min. FPS for [WGP]Pacman: [50,1,1,42,40,63,59,42,33,63,50,56,24,50,36,43,45,50,48,50,50,45,71,34,42,77,50,59,53,50,56,53,56,67,50,59,36,59,67,53,63,59,45,32,63,59,29,53,48,36,56,63,38,59,63,53,53,56,56,37,18,38,45,16,45,63,45,50,45,59,59,53,56,53,22,63,36,50,42,53,56,63,59,56,50,48,48,53,77,26,28,38,63,50,50,56,56,50,42,27,27,26,29,33,25,43,63,56,36,53,53,36,71,63,59,59,63,67,53,67]"

2019/02/03, 22:32:05 "[OPT] (FPS) LOG: 2:00:00 --- Single avg. FPS for [WGP]Pacman: 60.5"

2019/02/03, 22:32:05 "[OPT] (FPS) LOG: 2:00:00 --- Single min. FPS for [WGP]Pacman: 48.6917"

2019/02/03, 22:32:05 "[OPT] (FPS) LOG: 2:00:00 --- Avg. FPS for -Heiko-: [19,41,6,30,30,30,5,5,43,32,43,46,42,32,43,35,31,41,39,40,48,43,40,45,48,46,39,40,36,36,36,32,36,34,34,40,33,34,34,31,37,28,36,38,42,44,43,40,35,51,52,36,51,38]"

2019/02/03, 22:32:05 "[OPT] (FPS) LOG: 2:00:00 --- Min. FPS for -Heiko-: [13,36,1,28,28,9,1,1,31,28,38,38,36,29,37,32,29,37,32,36,38,38,34,42,36,32,34,33,30,32,31,26,34,32,28,37,30,22,30,25,30,25,26,33,33,38,36,30,29,40,45,30,43,31]"

2019/02/03, 22:32:05 "[OPT] (FPS) LOG: 2:00:00 --- Single avg. FPS for -Heiko-: 36.463"

2019/02/03, 22:32:05 "[OPT] (FPS) LOG: 2:00:00 --- Single min. FPS for -Heiko-: 30.2407"

2019/02/03, 22:32:05 "[OPT] (FPS) LOG: 2:00:00 --- Avg. FPS for Murda]X[: [38,49,44,32,41,37,32,32,31,40,33,45,43,38,36,28,35,25,48,46,47,28,36,41,38,43,27,37,37,44,32,39,37,28,43,28,46,35,26,49,46,36,37,37,37,31,27,44,33,44,34,30,31,55,76,30,46,34,41,41,43,48,28,37,31,30,34,33,31,28,29,44,37,32,44,33,30,40,44,45,31,44,47,49,29,42,39,51,45,42,39,48,43,34,30,30,30,40,45,75,33,40,37,38,38,33,37,29,37,40,29,30,32,30,41,34,43,35,30,39]"

2019/02/03, 22:32:05 "[OPT] (FPS) LOG: 2:00:00 --- Min. FPS for Murda]X[: [29,42,42,24,38,33,29,28,26,36,28,40,40,34,32,26,31,24,43,43,40,26,31,29,34,37,4,34,34,38,24,36,33,22,40,26,40,31,24,42,40,33,33,29,33,29,25,37,28,40,26,27,24,48,71,25,43,30,36,37,32,43,25,34,29,26,32,28,27,24,26,42,33,26,40,31,26,34,37,40,25,40,42,45,27,37,34,45,38,32,29,40,37,30,26,26,27,26,38,67,29,36,33,33,34,28,33,26,30,32,26,27,28,26,34,29,38,32,26,33]"

2019/02/03, 22:32:05 "[OPT] (FPS) LOG: 2:00:00 --- Single avg. FPS for Murda]X[: 37.8583"

2019/02/03, 22:32:05 "[OPT] (FPS) LOG: 2:00:00 --- Single min. FPS for Murda]X[: 32.8833"

2019/02/03, 22:32:05 "[OPT] (FPS) LOG: 2:00:00 --- Avg. FPS for Gelir: [23,62,60,59,60,50,52,58,55,41,46,43,46,49,53,60,56,50,60,60,60,60,60,60,60,60,20,60,55,60,60,64,41,60,43,61,61,60,61,59,60,55,38,49,60,58,60,60,62,36,60,55,60,37,59,60,60,47,60,60,68,60,60,46,47,50,48,60,54,55,49,50,59,47,56,53,60,60,55,60,59,59,36,60,60,47,59,60,50,60,60,43,60,44,51,60,42,60,60,52,37,43,40,59,62,60,61,61,54,38,60,40,51,60,49,34,36,60,60,60,60]"

2019/02/03, 22:32:05 "[OPT] (FPS) LOG: 2:00:00 --- Min. FPS for Gelir: [4,53,56,45,48,43,43,50,48,32,38,40,33,43,42,56,53,43,53,40,53,53,53,53,48,48,15,53,45,56,40,56,36,43,33,56,56,53,56,50,56,50,33,40,56,53,53,59,53,30,56,37,50,36,53,56,56,37,59,56,63,56,56,42,42,45,43,56,45,50,38,42,53,42,48,43,53,40,42,53,53,42,33,50,53,34,50,50,34,53,53,40,50,36,32,53,31,53,50,45,30,33,34,45,53,50,53,50,48,29,50,37,42,53,43,31,31,53,53,53,53]"

2019/02/03, 22:32:05 "[OPT] (FPS) LOG: 2:00:00 --- Single avg. FPS for Gelir: 53.9504"

2019/02/03, 22:32:05 "[OPT] (FPS) LOG: 2:00:00 --- Single min. FPS for Gelir: 46.0248"

2019/02/03, 22:32:05 "[OPT] (FPS) LOG: 2:00:00 --- Avg. FPS for |NATO|Tobgru: [45,37,45,38,39,37,35,34,40,20,31,26,37,22,37,50,51,50,53,30,33,59,74,58,46,47,37,48,47,46,28,35,36,37,25,55,33,42,37,43,26,34,39,39,4,36,42,36,18,23,53,23,56,28,28,51,51,41,53,23,44,41,54,28,21,24,47,48,51,54,55,44,38,44,24,35,35,40,29,39,35,41,34,26,46,47,40,24,69,23,33,20,43,24,41,39,43,39,38,33,33,42,51,50,47,44,29,46,32,49,52,39,21,46,37,44,40,43]"

2019/02/03, 22:32:05 "[OPT] (FPS) LOG: 2:00:00 --- Min. FPS for |NATO|Tobgru: [33,28,37,27,34,28,21,23,29,16,26,21,33,20,31,43,45,42,42,24,31,50,53,45,42,40,29,38,33,40,23,23,29,33,21,48,29,31,16,31,22,29,34,29,1,14,38,29,13,21,45,20,48,21,24,36,42,14,45,12,34,24,43,17,19,18,37,38,38,37,48,38,27,40,20,25,28,34,27,31,21,29,29,22,40,43,18,20,56,21,21,16,31,19,36,37,26,33,33,26,23,37,42,45,38,36,23,34,28,43,42,36,7,36,26,28,32,36]"

2019/02/03, 22:32:05 "[OPT] (FPS) LOG: 2:00:00 --- Single avg. FPS for |NATO|Tobgru: 39.1597"

2019/02/03, 22:32:05 "[OPT] (FPS) LOG: 2:00:00 --- Single min. FPS for |NATO|Tobgru: 30.7731"

2019/02/03, 22:32:05 "[OPT] (FPS) LOG: 2:00:00 --- Avg. FPS for Harbicht: [33,49,48,42,43,43,37,45,44,42,43,38,39,43,51,43,38,36,43,46,40,57,39,14,9,55,34,29,44,45,69,46,49,38,43,39,39,38,39,31,37,34,36,32,35,28,32,37,46,33,41,35,40,32,22,44,26,39,36,37,38,32,37,40,38,42,42,42,41,37,42,39,30,49,21,44,42,38,35,52,32,25,43,46,37,37,37,49,39,25,27,25,26,41,43,38,36,37,31,32,23,33,23,30,31,22,43,34,38,38,30,35,38,43,52,40,36,40,40,42,32,38]"

2019/02/03, 22:32:05 "[OPT] (FPS) LOG: 2:00:00 --- Min. FPS for Harbicht: [23,42,37,37,37,37,29,34,29,36,37,30,34,37,43,37,32,28,40,40,31,50,36,1,1,45,29,26,37,38,56,40,42,33,37,36,34,33,31,26,33,28,32,28,29,22,28,33,40,26,32,31,34,26,20,36,23,34,28,31,29,29,25,38,36,38,38,37,32,33,38,32,26,38,18,38,33,31,29,37,27,23,36,40,29,32,33,45,33,22,22,22,22,32,40,32,32,29,29,28,19,29,21,26,27,20,37,29,32,32,16,30,33,36,42,30,32,37,36,37,26,32]"

2019/02/03, 22:32:05 "[OPT] (FPS) LOG: 2:00:00 --- Single avg. FPS for Harbicht: 37.8115"

2019/02/03, 22:32:05 "[OPT] (FPS) LOG: 2:00:00 --- Single min. FPS for Harbicht: 31.7787"

2019/02/03, 22:32:05 "[OPT] (FPS) LOG: 2:00:00 --- Avg. FPS for Paolo[GNC]: [8,20,18,15,16,17,13,17,16,18,14,30,19,16,16,18,14,16,17,20,19,16,16,20,21,22,17,16,16,15,15,16,17,20,17,15,15,20,17,14,15,17,13,13,13,22,17,14,12,19,17,22,24,16,17,16,17,18,21,16,18,19,16,16,18,20,18,20,15,12,17,16,25,13,19,15,26,27,15,18,15,15,18,16,16,14,25,25,16,24,15,17,12,13,14,25,15,25,31,14,14,17,18,10,14,15,23,12,14,12,23,15,13,21,11,16,14,30,15,13]"

2019/02/03, 22:32:05 "[OPT] (FPS) LOG: 2:00:00 --- Min. FPS for Paolo[GNC]: [1,15,15,13,13,14,11,15,14,15,12,24,15,13,13,12,12,12,14,15,14,14,14,16,14,19,12,14,13,13,13,13,14,16,14,11,12,15,14,11,13,14,11,11,11,18,14,6,9,17,12,17,20,13,15,13,14,16,16,13,14,15,13,13,14,14,15,16,13,10,15,11,16,11,15,11,18,20,14,14,12,12,14,14,12,7,20,18,14,19,13,13,8,11,10,18,10,16,25,11,11,15,14,8,12,13,15,9,11,11,18,13,12,16,10,14,11,20,11,11]"

2019/02/03, 22:32:05 "[OPT] (FPS) LOG: 2:00:00 --- Single avg. FPS for Paolo[GNC]: 17.2417"

2019/02/03, 22:32:05 "[OPT] (FPS) LOG: 2:00:00 --- Single min. FPS for Paolo[GNC]: 13.5917"

2019/02/03, 22:32:05 "[OPT] (FPS) LOG: 2:00:00 --- Avg. FPS for Kalle: [25,19,19,50,48,47,38,44,37,39,31,37,51,36,50,51,47,40,47,44,45,44,41,47,50,50,48,49,39,68,40,38,43,41,85,42,58,63,53,55,47,31,39,43,45,33,46,34,24,45,31,44,47,51,46,52,49,48,54,42,60,48,39,30,38,41,76,54,49,53,49,49,53,41,33,31,47,54,43,38,52,40,51,35,43,48,43,19,49,42,44,37,30,31,44,45,44,46,44,45,43,42,39,43,48,48,43,55,36,41,42,41,41,50,52,53,48,57,57,46]"

2019/02/03, 22:32:05 "[OPT] (FPS) LOG: 2:00:00 --- Min. FPS for Kalle: [4,13,14,42,40,42,31,37,34,34,25,33,45,30,36,43,43,33,38,34,36,40,33,42,43,43,37,43,36,56,34,34,40,29,77,31,33,53,45,45,36,29,36,37,38,30,40,23,23,40,26,37,42,43,38,48,43,43,43,32,53,38,32,22,30,36,59,50,33,45,43,42,45,36,29,25,40,48,36,33,45,33,48,33,37,37,38,15,45,37,40,28,21,29,38,37,38,42,40,40,36,38,29,37,42,37,37,48,33,29,38,34,29,45,43,36,34,50,50,36]"

2019/02/03, 22:32:05 "[OPT] (FPS) LOG: 2:00:00 --- Single avg. FPS for Kalle: 44.4417"

2019/02/03, 22:32:05 "[OPT] (FPS) LOG: 2:00:00 --- Single min. FPS for Kalle: 37.2083"

2019/02/03, 22:32:05 "[OPT] (FPS) LOG: 2:00:00 --- Avg. FPS for Certain Death: [24,64,69,54,57,56,50,56,54,67,58,66,52,38,59,44,54,57,73,76,73,53,56,62,58,51,77,56,65,57,53,59,64,46,42,33,52,52,53,47,47,47,37,59,46,52,60,55,56,59,43,63,52,61,60,62,64,59,63,40,58,61,64,54,66,50,35,44,33,49,57,51,113,66,52,50,59,59]"

2019/02/03, 22:32:05 "[OPT] (FPS) LOG: 2:00:00 --- Min. FPS for Certain Death: [5,56,56,45,50,48,29,40,45,59,53,53,48,34,53,40,50,50,67,59,59,45,50,56,50,45,63,50,45,48,37,50,53,42,38,31,45,45,45,36,42,40,29,53,26,45,53,43,48,48,37,56,45,53,53,45,59,56,59,36,43,56,56,50,59,43,29,40,29,38,50,43,100,63,50,40,56,53]"

2019/02/03, 22:32:05 "[OPT] (FPS) LOG: 2:00:00 --- Single avg. FPS for Certain Death: 55.6795"

2019/02/03, 22:32:05 "[OPT] (FPS) LOG: 2:00:00 --- Single min. FPS for Certain Death: 47.3974"

2019/02/03, 22:32:05 "[OPT] (FPS) LOG: 2:00:00 --- Avg. FPS for Pumarang: [25,47,51,41,45,41,44,45,39,31,42,41,45,32,55,25,29,39,39,40,32,45,46,44,60,47,54,42,56,54,58,52,47,47,48,43,41,34,50,45,54,59,48,49,48,43,55,59,49,60,50,55,49,46,39,43,46,47,34,36,30,47,29,31,42,44,37,42,44,45,39,46,45,52,50,52,45,41,54,39,43,43,46,54,42,45,51,50,49,58,53,56,42,45,45,49,48,58,52,50,54,37,39,41]"

2019/02/03, 22:32:05 "[OPT] (FPS) LOG: 2:00:00 --- Min. FPS for Pumarang: [3,38,43,37,36,36,34,37,36,24,36,37,42,29,45,22,22,33,33,34,29,32,42,37,56,16,48,36,48,48,50,43,40,42,42,36,36,30,38,40,33,48,37,42,40,38,48,50,43,48,43,50,42,31,34,38,40,40,31,33,26,37,22,29,34,38,34,29,40,40,32,42,38,42,45,45,31,36,48,32,37,36,37,42,33,32,48,42,42,53,45,50,37,40,32,43,38,53,42,42,48,27,34,37]"

2019/02/03, 22:32:05 "[OPT] (FPS) LOG: 2:00:00 --- Single avg. FPS for Pumarang: 45.3269"

2019/02/03, 22:32:05 "[OPT] (FPS) LOG: 2:00:00 --- Single min. FPS for Pumarang: 37.9327"

2019/02/03, 22:32:05 "[OPT] (FPS) LOG: 2:00:00 --- Avg. FPS for OPPA NOLF: [38,43,44,37,39,45,36,33,29,31,31,33,30,30,34,25,33,30,28,32,33,21,27,31,30,26,40,25,31,25,30,21,33,27,26,33,29,29,38,36,35,30,31,30,25,39,24,30,20,36,30,34,33,30,41,40,39,29,27,28,42,38,33,37,42,37,32,27,20,28,27,33,36,31,33,24,42,28,39,20,26,28,29,38,30,30,29,28,30,25,29,20,34,46,28,33,28,29,31,35,29,25,33,34,33,32,37,34,42,24,35,31,32,27,33,23,36,31,23,33]"

2019/02/03, 22:32:05 "[OPT] (FPS) LOG: 2:00:00 --- Min. FPS for OPPA NOLF: [26,36,36,32,34,37,29,28,22,29,29,26,26,27,31,22,30,29,26,28,30,19,24,28,28,22,33,22,26,23,28,19,27,21,24,29,27,23,29,31,31,28,26,26,23,27,22,24,17,31,28,28,23,25,34,38,33,26,24,26,36,34,28,30,36,33,25,25,19,24,17,29,30,28,27,20,32,25,33,16,22,24,23,31,28,25,27,26,25,23,25,20,26,40,26,28,22,26,26,32,25,22,24,29,29,29,31,31,34,22,30,26,28,23,30,20,31,29,19,29]"

2019/02/03, 22:32:05 "[OPT] (FPS) LOG: 2:00:00 --- Single avg. FPS for OPPA NOLF: 31.5417"

2019/02/03, 22:32:05 "[OPT] (FPS) LOG: 2:00:00 --- Single min. FPS for OPPA NOLF: 27.075"

2019/02/03, 22:32:05 "[OPT] (FPS) LOG: 2:00:00 --- Avg. FPS for Bernhard: [32,35,37,32,32,32,37,27,26,48,30,25,33,32,39,39,40,51,41,40,50,42,42,44,43,39,42,57,56,41,38,42,41,44,43,38,44,42,56,38,32,34,53,33,39,26,34,24,24,44,37,40,37,25,38,38,38,38,38,72,38,28,37,36,38,49,40,41,27,33,41,37,45,36,30,39,36,35,37,46,36,38,34,30,36,42,32,38,47,38,41,47,43,42,31,29,43,35,34,47,25,43,26,28,41,34,32,27,28,31,38,36,46,40,49,31,28,31,35,34]"

2019/02/03, 22:32:05 "[OPT] (FPS) LOG: 2:00:00 --- Min. FPS for Bernhard: [24,29,29,29,29,27,30,25,22,38,26,20,26,29,37,31,37,43,37,37,45,37,37,40,37,30,38,50,48,37,34,38,37,38,37,32,36,38,48,27,29,29,36,29,34,23,29,19,21,40,29,33,29,19,33,29,31,33,32,59,32,21,34,31,33,42,33,28,24,24,36,30,36,30,27,36,31,30,29,37,31,30,29,24,31,40,25,32,30,34,37,43,38,30,28,19,38,32,29,38,21,27,22,24,36,25,29,24,26,24,36,33,37,34,30,26,25,28,30,31]"

2019/02/03, 22:32:05 "[OPT] (FPS) LOG: 2:00:00 --- Single avg. FPS for Bernhard: 37.7417"

2019/02/03, 22:32:05 "[OPT] (FPS) LOG: 2:00:00 --- Single min. FPS for Bernhard: 31.7917"

2019/02/03, 22:32:05 "[OPT] (FPS) LOG: 2:00:00 --- Avg. FPS for Andi-de: [32,37,43,34,37,32,30,33,32,32,30,49,50,45,39,46,39,36,47,39,46,40,31,32,36,36,46,42,35,35,36,40,45,35,32,35,32,35,31,32,32,30,29,30,33,31,32,29,23,37,36,36,39,31,37,28,31,31,30,47,28,32,30,22,25,33,37,35,32,34,41,38,36,34,41,38,31,30,33,36,36,42,37,35,30,33,33,33,33,39,36,37,27,37,37,29,32,32,35,30,34,31,33,28,30,30,30,35,29,29,31,32,34,30,29,28,31,30,33,25]"

2019/02/03, 22:32:05 "[OPT] (FPS) LOG: 2:00:00 --- Min. FPS for Andi-de: [23,29,36,28,30,28,25,29,26,24,22,42,43,30,30,33,32,33,42,29,36,33,21,26,31,30,40,36,28,26,29,36,36,30,26,24,29,30,25,27,27,24,23,25,28,25,27,25,20,33,31,32,33,29,32,23,28,27,26,42,23,28,23,18,19,28,30,29,26,28,37,33,25,31,33,31,28,27,29,32,31,33,28,28,24,30,26,29,29,34,28,33,23,32,29,26,28,28,30,24,31,27,27,26,26,25,27,32,21,25,27,21,29,26,26,20,25,20,28,19]"

2019/02/03, 22:32:05 "[OPT] (FPS) LOG: 2:00:00 --- Single avg. FPS for Andi-de: 34.225"

2019/02/03, 22:32:05 "[OPT] (FPS) LOG: 2:00:00 --- Single min. FPS for Andi-de: 28.4333"

2019/02/03, 22:32:05 "[OPT] (FPS) LOG: 2:00:00 --- Avg. FPS for [GNC]Lord-MDB: [35,30,30,30,30,30,24,27,26,25,28,29,27,22,30,30,22,29,30,30,30,29,27,30,30,30,30,30,30,30,30,30,28,30,29,30,30,30,30,24,29,24,24,31,27,31,30,33,29,25,30,32,30,26,23,30,27,30,30,30,30,30,28,30,30,30,30,30,25,22,32,30,28,30,33,30,21,21,26,22,24,31,21,24,24,30,30,22,24,29,30,26,30,28,32,30,30,30,29,29,30,24,26,29,30,31,30,36,30,30,31,30,30,30,30,30,25,21,23,30]"

2019/02/03, 22:32:05 "[OPT] (FPS) LOG: 2:00:00 --- Min. FPS for [GNC]Lord-MDB: [28,26,24,25,26,26,20,23,23,24,24,23,20,19,29,25,7,20,28,25,25,24,22,27,26,26,23,26,26,27,26,26,16,26,21,20,26,24,24,20,24,19,20,23,19,23,26,24,21,20,25,28,26,22,18,28,21,24,26,28,26,27,20,26,26,26,21,27,21,18,23,24,24,25,26,21,18,17,21,19,22,24,19,22,19,26,26,19,19,26,21,21,27,21,24,25,24,27,23,24,23,12,20,24,26,24,24,30,26,21,27,26,26,26,24,27,22,20,19,26]"

2019/02/03, 22:32:05 "[OPT] (FPS) LOG: 2:00:00 --- Single avg. FPS for [GNC]Lord-MDB: 28.4083"

2019/02/03, 22:32:05 "[OPT] (FPS) LOG: 2:00:00 --- Single min. FPS for [GNC]Lord-MDB: 23.325"

2019/02/03, 22:32:05 "[OPT] (FPS) LOG: 2:00:00 --- Avg. FPS for Scott: [36,40,43,34,37,36,58,44,44,39,42,42,51,38,37,35,33,22,38,42,31,33,27,38,37,32,46,40,21,45,35,35,34,28,40,26,33,50,44,41,33,33,37,50,43,39,37,39,26,36,49,40,38,45,49,40,33,45,42,40,51,43,44,40,47,48,61,43,32,34,42,25,39,43,41,41,40,44,37,38,41,37,37,51,35,36,38,44,47,29,57,34,54,28,27,58,22,28,35,34,35,33,36,35,42,39,26,41,38,35,28,24,42,45,32,48]"

2019/02/03, 22:32:05 "[OPT] (FPS) LOG: 2:00:00 --- Min. FPS for Scott: [26,30,34,29,28,29,45,34,37,25,34,37,43,34,31,32,29,20,34,38,28,29,21,33,31,26,40,34,19,33,29,26,31,23,34,21,29,34,33,34,24,28,33,32,40,24,22,32,23,29,37,37,33,40,36,34,30,38,40,34,42,31,40,33,32,45,53,38,25,27,21,16,32,34,26,36,33,38,20,31,32,27,30,38,25,31,32,37,37,23,45,24,45,25,22,42,20,22,31,25,31,28,31,30,31,33,24,34,34,25,26,22,37,40,28,42]"

2019/02/03, 22:32:05 "[OPT] (FPS) LOG: 2:00:00 --- Single avg. FPS for Scott: 38.6638"

2019/02/03, 22:32:05 "[OPT] (FPS) LOG: 2:00:00 --- Single min. FPS for Scott: 31.4224"

2019/02/03, 22:32:05 Client: Object 21:10 (type Type_128) not found.

2019/02/03, 22:32:05 "[OPT] (FPS) LOG: 2:00:00 --- Avg. FPS for Elefant statt Vaterland: [33,44,47,41,42,39,39,27,43,40,37,38,59,34,39,43,36,41,33,38,38,41,36,31,42,33,41,61,42,29,47,44,41,37,41,42,40,32,41,40,34,49,38,40,46,33,40,36,31,39,31,38,26,45,32,36,41,30,36,40,59,37,33,41,50,33,33,30,25,34,32,40,25,26,34,30,39,47,35,29,45,42,45,39,38,44,36,38,43,45,40,37,30,22,29,29,38,50,32,44,41,29,41,23,34,40,38,48,33,36,34,35,43,38,29,38,35,41,25,32]"

2019/02/03, 22:32:05 "[OPT] (FPS) LOG: 2:00:00 --- Min. FPS for Elefant statt Vaterland: [25,40,40,34,34,34,32,21,34,28,33,32,48,31,33,38,32,37,29,34,33,36,30,26,36,18,33,53,34,26,42,37,36,34,32,36,34,26,37,36,29,38,33,34,42,29,34,32,27,34,21,32,17,36,23,31,33,25,32,37,36,33,30,37,40,24,24,26,21,24,23,34,22,23,29,24,34,37,26,23,38,34,40,26,32,37,29,29,38,38,34,30,26,19,22,26,33,37,17,40,36,25,38,5,26,34,29,43,29,30,28,29,34,23,24,32,29,37,21,26]"

2019/02/03, 22:32:05 "[OPT] (FPS) LOG: 2:00:00 --- Single avg. FPS for Elefant statt Vaterland: 37.7"

2019/02/03, 22:32:05 "[OPT] (FPS) LOG: 2:00:00 --- Single min. FPS for Elefant statt Vaterland: 31.1333"

2019/02/03, 22:32:05 "[OPT] (FPS) LOG: 2:00:00 --- Avg. FPS for Raffda: [42,45,47,38,41,40,34,35,38,41,45,42,38,39,41,35,37,42,43,47,53,53,49,34,47,31,44,25,24,43,37,45,44,25,48,48,46,91,49,40,34,36,43,37,45,41,30,41,35,38,37,38,42,40,39,37,39,40,54,37,37,34,22,32,40,38,35,38,37,40,30,32,44,48,39,32,40,39,40,43,45,44,41,31,40,35,19,38,36,37,29,38,28,41,43,41,39,37,28,30,37,30,33,32,37,35,42,38,46,51,39,26,27,27,47,51,43,44,40,42]"

2019/02/03, 22:32:05 "[OPT] (FPS) LOG: 2:00:00 --- Min. FPS for Raffda: [34,38,42,33,34,34,30,30,29,37,42,36,34,38,34,32,26,38,36,43,43,48,45,31,42,24,38,21,21,37,32,34,40,22,38,42,38,77,42,34,28,31,38,31,38,34,24,38,29,36,29,31,34,37,34,32,34,33,45,32,34,30,20,24,34,32,29,34,32,33,13,26,32,43,32,29,36,34,37,31,40,38,36,28,34,31,17,34,32,29,27,34,23,34,37,33,34,31,25,26,33,26,30,27,33,32,37,34,42,43,37,24,24,23,42,45,34,38,30,38]"

2019/02/03, 22:32:05 "[OPT] (FPS) LOG: 2:00:00 --- Single avg. FPS for Raffda: 39.1333"

2019/02/03, 22:32:05 "[OPT] (FPS) LOG: 2:00:00 --- Single min. FPS for Raffda: 33.5583"

2019/02/03, 22:32:05 "[OPT] (FPS) LOG: 2:00:00 --- Avg. FPS for form: [63,52,62,48,54,50,80,45,40,41,37,50,47,59,75,34,32,48,58,56,54,66,57,73,53,67,53,52,57,72,47,58,58,59,56,57,50,44,48,45,47,43,37,39,47,47,44,10,7]"

2019/02/03, 22:32:05 "[OPT] (FPS) LOG: 2:00:00 --- Min. FPS for form: [53,43,53,42,45,36,59,36,36,33,29,43,34,48,63,31,27,42,37,48,45,53,50,67,45,59,45,45,50,63,38,50,38,53,48,50,40,40,43,40,43,38,32,31,40,29,37,1,1]"

2019/02/03, 22:32:05 "[OPT] (FPS) LOG: 2:00:00 --- Single avg. FPS for form: 50.5714"

2019/02/03, 22:32:05 "[OPT] (FPS) LOG: 2:00:00 --- Single min. FPS for form: 41.8776"

2019/02/03, 22:32:05 "[OPT] (FPS) LOG: 2:00:00 --- Avg. FPS for [EGC] junky82: [33,35,36,31,32,30,27,29,22,27,26,28,32,38,40,39,32,27,29,36,32,35,26,33,29,32,32,38,34,34,38,43,42,39,34,31,30,31,31,29,29,26,38,29,30,31,36,26,19,31,45,26,27,36,36,44,30,35,28,33,35,36,36,35,32,36,30,34,30,32,33,32,26,27,25,34,30,33,37,37,32,34,35,33,30,30,28,31,30,29,32,30,27,28,66,27,27,28,25,44,25,18,25,29,39,24,30,25,27,36,30,34,35,34,27,27,39,41,29,28]"

2019/02/03, 22:32:05 "[OPT] (FPS) LOG: 2:00:00 --- Min. FPS for [EGC] junky82: [26,30,28,24,24,25,23,24,18,21,23,23,29,33,36,33,29,20,24,32,26,30,22,29,26,22,29,33,30,29,32,36,34,33,28,27,26,26,27,24,27,24,29,26,27,20,27,22,17,25,37,21,25,33,32,40,26,31,21,29,26,32,33,31,29,32,27,28,28,29,26,29,23,23,23,28,26,24,33,30,22,31,28,28,24,27,23,27,26,22,29,23,22,19,50,20,24,22,18,34,17,16,19,26,36,20,25,23,23,33,24,30,31,32,23,23,33,36,26,25]"

2019/02/03, 22:32:05 "[OPT] (FPS) LOG: 2:00:00 --- Single avg. FPS for [EGC] junky82: 31.9583"

2019/02/03, 22:32:05 "[OPT] (FPS) LOG: 2:00:00 --- Single min. FPS for [EGC] junky82: 26.9417"

2019/02/03, 22:32:05 "[OPT] (FPS) LOG: 2:00:00 --- Avg. FPS for mehrb00n: [21,40,43,35,39,34,33,34,37,37,40,32,45,33,24,41,33,47,35,37,42,37,30,42,41,36,42,41,40,37,39,58,23,23,37,33,34,35,33,33,33,54,31,37,41,33,32,32,27,44,38,36,50,33,27,38,51,38,34,39,34,36,30,35,35,37,39,33,34,38,23,43,34,32,34,36,39,35,40,43,36,45,46,36,32,38,33,34,45,34,22,37,38,41,33]"

2019/02/03, 22:32:05 "[OPT] (FPS) LOG: 2:00:00 --- Min. FPS for mehrb00n: [3,34,37,31,34,30,29,26,29,33,24,26,36,26,20,38,24,38,28,30,33,30,25,31,30,25,36,30,33,31,32,50,21,20,32,25,29,31,23,29,30,43,26,30,34,30,28,29,20,33,31,30,45,27,24,32,42,31,30,32,30,27,23,29,30,30,34,28,31,31,20,37,24,28,28,30,27,31,34,33,29,37,26,31,27,29,27,30,32,29,20,32,32,27,29]"

2019/02/03, 22:32:05 "[OPT] (FPS) LOG: 2:00:00 --- Single avg. FPS for mehrb00n: 36.4632"

2019/02/03, 22:32:05 "[OPT] (FPS) LOG: 2:00:00 --- Single min. FPS for mehrb00n: 29.6947"

2019/02/03, 22:32:05 "[OPT] (FPS) LOG: 2:00:00 --- Avg. FPS for [DEW] Zocker: [29,26,19,26,28,22,24,23,20,28,32,24,24,22,26,28,26,27,23,51,31,47,46,22,25,29,24,24,23,30,20,21,21,19,27,25,23,26,55,31,29,31,34,25,25,28,26,24,20,24,25,27,24,29,29,28,31,29,26,26,28,29,28,31,39,29,25,25,20,16,17,23,21,26,29,28,25,28,27,28,51,26,31,31,32,26,23,43,19,50,18,21,28,16,17,26,29,25,25,24,25,17,25,15,15,19,25,21,18,26,23,24,22,17,23,26,33,24,27,28]"

2019/02/03, 22:32:05 "[OPT] (FPS) LOG: 2:00:00 --- Min. FPS for [DEW] Zocker: [19,15,16,22,23,19,19,20,14,23,27,20,21,19,20,19,20,20,21,32,22,33,33,15,21,19,21,18,15,20,16,18,18,15,22,19,17,21,38,25,20,24,24,20,15,23,18,17,16,20,19,24,20,24,24,22,26,23,21,22,23,18,18,26,29,24,20,19,18,14,14,21,17,23,27,25,19,25,23,22,36,20,29,27,26,24,17,36,14,43,12,17,22,12,13,22,23,17,17,16,21,13,19,14,13,11,21,16,13,22,15,17,19,14,18,23,26,20,22,24]"

2019/02/03, 22:32:05 "[OPT] (FPS) LOG: 2:00:00 --- Single avg. FPS for [DEW] Zocker: 26.4417"

2019/02/03, 22:32:05 "[OPT] (FPS) LOG: 2:00:00 --- Single min. FPS for [DEW] Zocker: 20.7167"

2019/02/03, 22:32:05 "[OPT] (FPS) LOG: 2:00:00 --- Avg. FPS for Frozen_byte: [35,20,20,35,36,35,54,31,30,37,28,25,24,19,45,40,39,40,47,54,58,62,61,60,49,60,45,60,51,41,58,42,53,45,44,52,47,31,32,32,39,28,26,31,29,33,52,23,23,31,31,29,48,50,38,35,31,54,54,54,52,54,32,36,46,33,29,55,27,31,50,45,27,25,29,38,38,27,27,46,27,31,32,31,33,40,32,59,28,26,28,32,34,24,34,32,42,23,25,37,50,34,37,42,29,35,43,46,35,36,34,30,30,32,37,29,29,24,28,29]"

2019/02/03, 22:32:05 "[OPT] (FPS) LOG: 2:00:00 --- Min. FPS for Frozen_byte: [25,17,18,31,29,29,40,18,19,26,18,20,18,14,43,34,34,34,32,48,48,59,59,59,43,53,38,53,43,33,48,37,50,40,40,43,42,26,23,28,33,23,23,27,24,29,43,20,20,24,26,24,34,40,31,29,26,45,43,43,45,43,27,27,38,29,27,45,23,24,38,40,22,19,25,31,24,24,21,37,23,27,25,26,27,29,24,45,26,22,23,27,29,22,22,28,38,19,23,33,40,30,30,29,27,30,37,40,32,33,29,29,27,28,29,27,27,21,26,27]"

2019/02/03, 22:32:05 "[OPT] (FPS) LOG: 2:00:00 --- Single avg. FPS for Frozen_byte: 37.5167"

2019/02/03, 22:32:05 "[OPT] (FPS) LOG: 2:00:00 --- Single min. FPS for Frozen_byte: 31.3667"

2019/02/03, 22:32:05 "[OPT] (FPS) LOG: 2:00:00 --- Avg. FPS for KLI |NOLF|: [42,37,44,38,40,37,33,39,38,38,24,44,46,35,52,58,49,52,44,38,43,32,44,30,45,48,40,49,64,64,57,47,50,50,48,65,45,65,55,60,18,46,44,44,43,55,44,42,22,30,40,19,54,45,46,39,28,29,27,41,27,35,46,40,37,36,48,45,40,45,47,27,35,37,18,22,43,19,19,32,41,39,55,35,37,38,34,37,41,43,48,51,32,46,42,19,34,37,34,37,39,35,42,37,46,37,46,36,43,36,36,31,37,36,48,19]"

2019/02/03, 22:32:05 "[OPT] (FPS) LOG: 2:00:00 --- Min. FPS for KLI |NOLF|: [27,30,34,30,33,30,29,31,33,34,21,42,37,31,45,53,42,48,40,34,38,20,37,26,30,40,34,40,56,56,43,36,40,45,32,34,30,53,38,48,16,33,33,36,38,50,37,37,19,28,31,17,50,42,38,36,25,27,17,33,24,15,34,29,33,29,42,36,33,36,38,24,29,32,9,20,40,15,13,22,34,34,48,29,33,34,29,31,37,34,38,45,26,40,37,14,23,32,30,34,33,29,34,33,43,33,43,32,38,27,31,24,33,34,43,17]"

2019/02/03, 22:32:05 "[OPT] (FPS) LOG: 2:00:00 --- Single avg. FPS for KLI |NOLF|: 40.2328"

2019/02/03, 22:32:05 "[OPT] (FPS) LOG: 2:00:00 --- Single min. FPS for KLI |NOLF|: 33.319"

2019/02/03, 22:32:05 "[OPT] (FPS) LOG: 2:00:00 --- Avg. FPS for Paul: [5,17,28,25,25,23,21,34,26,34,27,66,37,26,37,35,32,36,39,31,34,37,29,31,34,33,31,34,30,39,27,48,23,31,25,35,42,26,48,41,36,41,45,31,27,28,30,29,21,67,32,24,38,19,31,33,38,30,27,32,38,28,36,30,30,26,32,32,27,29,32,43,20,30,31,32,21,19,29,37,28,36,21,31,33,38,30,33,30,24,20,23,25,25,36,34,32,30,31,24,29,30,27,27,27,28,32,26,25,26,28,26,31,37,22,25,36,26,25,22]"

2019/02/03, 22:32:05 "[OPT] (FPS) LOG: 2:00:00 --- Min. FPS for Paul: [0,4,19,19,18,17,14,26,15,29,16,45,33,20,29,26,22,32,33,15,22,25,24,27,26,22,22,21,11,26,23,42,11,27,11,30,33,11,42,34,27,15,28,22,14,21,24,26,18,48,15,19,26,16,28,23,33,18,11,22,31,21,29,23,22,19,26,29,23,22,28,18,15,27,22,26,17,16,27,26,14,28,20,16,29,34,16,22,29,21,18,20,21,18,18,24,27,17,23,13,15,25,22,23,23,18,24,21,16,19,23,14,21,17,18,21,28,18,22,17]"

2019/02/03, 22:32:05 "[OPT] (FPS) LOG: 2:00:00 --- Single avg. FPS for Paul: 30.6833"

2019/02/03, 22:32:05 "[OPT] (FPS) LOG: 2:00:00 --- Single min. FPS for Paul: 22.3"

2019/02/03, 22:32:05 "[OPT] (FPS) LOG: 2:00:00 --- Avg. FPS for Gisi [NOLF]: [26,32,39,32,33,36,25,29,24,23,33,33,34,25,24,25,33,38,35,41,41,39,32,30,36,47,35,35,36,27,29,28,25,22,21,23,34,22,33,21,26,18,27,29,34,39,39,43,33,43,43,37,33,32,27,34,30,24,37,36,30,37,37,27,31,32,29,32,32,31,33,32,22,16,34,34,27,29,34,30,29,29,34,24,38,35,37,39,32,40,27,27,38,23,32,34,40,41,31,34,19,40,34,33,37,23,26,24,37,42,33,18,32,39,28,36,33,38,37,32]"

2019/02/03, 22:32:05 "[OPT] (FPS) LOG: 2:00:00 --- Min. FPS for Gisi [NOLF]: [9,24,32,29,29,29,22,20,22,19,29,21,29,23,20,19,22,34,25,30,37,29,22,23,26,43,28,29,24,24,25,26,17,20,19,18,24,16,25,19,23,15,23,24,31,32,31,34,26,32,37,31,26,27,15,26,22,17,30,32,21,29,33,20,27,26,24,29,25,27,23,28,19,13,26,27,24,26,24,24,23,17,29,19,31,28,33,32,26,37,24,26,30,18,29,24,32,29,25,29,13,28,31,23,31,19,23,19,28,33,21,14,24,34,22,28,29,29,26,26]"

2019/02/03, 22:32:05 "[OPT] (FPS) LOG: 2:00:00 --- Single avg. FPS for Gisi [NOLF]: 31.7833"

2019/02/03, 22:32:05 "[OPT] (FPS) LOG: 2:00:00 --- Single min. FPS for Gisi [NOLF]: 25.4333"

2019/02/03, 22:32:05 "[OPT] (FPS) LOG: 2:00:00 --- Avg. FPS for Preacher: [35,21,23,17,23,18,20,17,30,23,17,20,26,25,20,20,16,20,29,22,29,18,20,23,20,23,23,22,19,23,21,25]"

2019/02/03, 22:32:05 "[OPT] (FPS) LOG: 2:00:00 --- Min. FPS for Preacher: [26,16,19,10,16,5,11,13,19,20,5,17,19,18,16,6,13,13,24,20,23,15,8,18,5,17,18,20,14,20,19,18]"

2019/02/03, 22:32:05 "[OPT] (FPS) LOG: 2:00:00 --- Single avg. FPS for Preacher: 22.125"

2019/02/03, 22:32:05 "[OPT] (FPS) LOG: 2:00:00 --- Single min. FPS for Preacher: 15.6562"

2019/02/03, 22:32:05 Client: Object 21:10 (type Type_128) not found.

2019/02/03, 22:32:05 "[OPT] (FPS) LOG: 2:00:00 --- Avg. FPS for Matze: [40,28,35,27,29,21,42,33,19,21,23,26,27,23,33,34,38,26,30,31,35,45,18,20,20,19,20,20,20,42,32,29,29,43,34,26,29,31,24,52,32,21,26,25,29,29,22,23,22,29,30,30,25,28,27,42,39,39,31,26,29,24,29,42,26,34,33,27,28,25,27,28,23,15,25,24,32,22,33,32,29,30,31,36,32,39,28,29,31,36,31,32,29,37,38,35,45,32,25,19,28,26,31,34,25,25,27,27,30,33,31,29,32,21,38,28,26,29,35]"

2019/02/03, 22:32:05 "[OPT] (FPS) LOG: 2:00:00 --- Min. FPS for Matze: [26,24,29,22,23,4,32,14,14,10,18,22,23,19,25,28,36,16,26,26,8,40,5,14,14,10,18,18,17,30,28,22,26,38,27,14,23,24,20,33,20,15,12,21,26,23,18,19,19,26,22,26,20,22,20,27,28,32,13,23,23,13,21,32,24,25,29,21,23,20,23,21,19,11,20,15,23,13,29,24,24,28,26,33,23,30,23,24,11,25,26,12,25,32,31,29,40,28,19,15,24,20,23,28,17,20,20,19,24,28,23,23,26,14,33,20,19,21,29]"

2019/02/03, 22:32:05 "[OPT] (FPS) LOG: 2:00:00 --- Single avg. FPS for Matze: 29.4622"

2019/02/03, 22:32:05 "[OPT] (FPS) LOG: 2:00:00 --- Single min. FPS for Matze: 22.3697"

2019/02/03, 22:32:05 "[OPT] (FPS) LOG: 2:00:00 --- Avg. FPS for Dave: [4,19,22,19,18,18,17,17,22,23,13,18,20,23,19,21,24,23,27,22,25,23,23,25,23,22,26,23,25,23,22,23,21,24,27,25,20,22,23,21,12,22,23,16,21,21,23,14,11,12,14,20,22,20,22,24,21,22,20,22,22,22,22,18,19,22,24,21,16,20,21,19,21,20,22,18,15,19,20,20,17,18,15,13,17,22,19,24,23,23,20,15,19,20,18,20,19,23,19,16,18,18,19,21,20,21,19,18,25,18,22,22,22,21,16,14,21,20,13,20]"

2019/02/03, 22:32:05 "[OPT] (FPS) LOG: 2:00:00 --- Min. FPS for Dave: [0,16,19,17,16,15,14,12,16,20,13,13,17,19,14,18,21,18,24,21,24,19,20,22,20,19,22,15,21,20,16,20,18,19,19,17,14,18,20,18,11,17,19,11,17,18,14,10,10,10,12,16,18,17,15,21,18,17,16,19,18,17,19,15,17,18,20,17,12,16,18,14,16,14,18,14,11,15,15,14,13,13,13,11,15,18,17,21,20,19,18,12,16,18,14,19,12,21,17,12,13,14,17,14,16,14,12,14,22,14,16,16,17,16,12,11,15,16,11,14]"

2019/02/03, 22:32:05 "[OPT] (FPS) LOG: 2:00:00 --- Single avg. FPS for Dave: 20.05"

2019/02/03, 22:32:05 "[OPT] (FPS) LOG: 2:00:00 --- Single min. FPS for Dave: 16.175"

2019/02/03, 22:32:05 "[OPT] (FPS) LOG: 2:00:00 --- Avg. FPS for Protox: [4,33,37,31,31,29,26,27,28,29,28,27,16,34,33,15,35,31,37,53,25,34,32,30,33,36,32,32,31,27,29,29,31,33,28,31,27,27,36,30,48,16,32,31,32,30,29,26,19,34,41,24,32,16,17,14,31,27,30,34,33,34,33,36,38,34,34,38,29,31,32,34,35,33,27,30,26,29,41,48,44,46,47,29,27,24,35,37,35,34,38,35,34,37,34,35,38,32,30,37,39,30,30,28,29,30,29,27,24,29,27,14,43,30,27,29,28,25,25,25]"

2019/02/03, 22:32:05 "[OPT] (FPS) LOG: 2:00:00 --- Min. FPS for Protox: [0,28,30,24,26,26,22,22,24,25,23,23,13,24,28,12,30,24,23,45,21,22,28,23,29,30,28,28,26,22,24,25,26,29,24,24,22,25,24,20,42,13,23,27,29,21,26,22,15,29,31,20,28,11,14,13,28,23,26,27,27,29,26,29,31,26,24,33,22,26,25,26,28,26,23,26,22,22,34,38,31,37,40,26,22,22,29,32,31,22,30,30,23,30,29,25,31,27,21,27,31,23,20,24,20,22,25,25,19,24,21,11,36,26,20,22,23,19,23,15]"

2019/02/03, 22:32:05 "[OPT] (FPS) LOG: 2:00:00 --- Single avg. FPS for Protox: 30.925"

2019/02/03, 22:32:05 "[OPT] (FPS) LOG: 2:00:00 --- Single min. FPS for Protox: 24.975"

2019/02/03, 22:32:05 "[OPT] (FPS) LOG: 2:00:00 --- Avg. FPS for [GNC]Thrower: [4,22,20,20,20,16,25,19,16,27,15,18,18,16,31,19,18,23,25,31,25,25,22,18,22,17,25,25,20,14,20,23,27,16,28,22,24,27,22,22,19,23,20,17,19,18,18,20,19,27,23,25,24,20,25,29,29,25,28,12,28,30,32,29,28,29,31,23,23,24,14,16,16,21,22,17,18,23,26,26,18,19,30,22,25,17,23,22,18,17,23,23,23,18,21,21,25,23,28,20,25,20,23,22,23,22,25,21,20,19,22,23,20,20,16,27,19,20,21,19]"

2019/02/03, 22:32:05 "[OPT] (FPS) LOG: 2:00:00 --- Min. FPS for [GNC]Thrower: [0,19,15,15,14,10,11,16,14,19,13,16,16,13,25,14,14,20,22,27,16,23,19,14,19,12,22,21,16,12,16,20,22,13,22,20,19,24,18,19,13,18,16,14,16,15,14,15,17,25,20,16,19,15,20,20,26,20,19,1,24,23,27,27,24,26,26,17,20,20,13,13,13,19,20,14,15,20,21,22,16,16,27,20,22,14,20,16,14,14,21,18,15,16,17,16,23,19,24,15,23,16,21,18,20,20,21,16,16,16,19,19,14,19,14,23,15,17,16,15]"

2019/02/03, 22:32:05 "[OPT] (FPS) LOG: 2:00:00 --- Single avg. FPS for [GNC]Thrower: 21.8833"

2019/02/03, 22:32:05 "[OPT] (FPS) LOG: 2:00:00 --- Single min. FPS for [GNC]Thrower: 17.8667"

2019/02/03, 22:32:05 "[OPT] (FPS) LOG: 2:00:00 --- Avg. FPS for Niffer: [2,22,24,19,20,21,19,12,23,19,14,19,23,18,13,26,20,23,21,25,23,22,38,24,27,24,19,3,2,18,18,25,18,17,19,24,37,36,20,19,24,18,38,21,23,25,26,21,26,21,30,17,14,16,22,20,26,11,18,24,19,19,16,25,35,26,10,24,24,29,22,16,22,19,27,30,33,22,12,25,19,17,22,22,23,20,22,31,21,27,24,23,23,21,19,21,22,22,19,26,17,19,19,17,18,18,14,15,14,19,18,17,21,25,18,25,13,17,20,22,19]"

2019/02/03, 22:32:05 "[OPT] (FPS) LOG: 2:00:00 --- Min. FPS for Niffer: [0,14,20,16,15,19,16,10,20,16,7,17,20,15,11,21,18,14,16,22,17,19,29,21,19,20,14,0,0,12,13,21,16,11,14,20,29,24,16,15,20,13,30,19,18,18,21,18,20,16,24,14,11,13,19,16,22,10,14,15,17,17,10,21,26,20,9,20,20,23,16,13,16,17,23,26,26,18,9,20,15,13,18,19,21,18,19,26,15,23,20,18,20,17,16,13,20,20,16,23,13,15,15,14,12,14,12,13,13,17,14,14,16,19,14,22,2,14,13,15,16]"

2019/02/03, 22:32:05 "[OPT] (FPS) LOG: 2:00:00 --- Single avg. FPS for Niffer: 21"

2019/02/03, 22:32:05 "[OPT] (FPS) LOG: 2:00:00 --- Single min. FPS for Niffer: 16.7107"

2019/02/03, 22:32:05 "[OPT] (FPS) LOG: 2:00:00 --- Avg. FPS for Manu: [9,51,58,42,44,46,40,38,41,57,57,42,44,47,41,42,43,32,42,57,39,38,39,38,43,44,52,50,42,44,43,45,49,36,52,46,47,46,49,43,37,40,48,42,37,34,37,41,47,11,11,50,49,9,7,54,30,58,56,57,60,60,60,60,9,6,47,38,31,36,60,42,30,36,30,19,58,54,44,19,36,46,48,60,44,49,60,54,52,49,44,46,48,48,44,52,43,47,39,43,53,48,40,48,46,49,60,47,40,51,44,54,52,47,54,52,54,40,51,40,34]"

2019/02/03, 22:32:05 "[OPT] (FPS) LOG: 2:00:00 --- Min. FPS for Manu: [1,40,48,36,36,40,36,30,37,33,50,31,40,38,34,37,37,28,30,53,34,34,36,33,37,38,45,30,37,28,37,40,36,33,48,42,42,33,40,38,29,34,42,31,32,29,31,37,38,1,1,40,43,1,1,43,28,53,45,50,56,56,56,48,1,1,42,33,26,29,56,31,29,31,24,16,53,45,37,17,29,31,40,50,30,43,53,36,37,43,31,29,43,42,37,37,38,38,36,36,42,40,30,42,38,37,50,38,32,43,36,40,31,38,43,48,45,28,42,34,31]"

2019/02/03, 22:32:05 "[OPT] (FPS) LOG: 2:00:00 --- Single avg. FPS for Manu: 43.5372"

2019/02/03, 22:32:05 "[OPT] (FPS) LOG: 2:00:00 --- Single min. FPS for Manu: 35.6942"

2019/02/03, 22:32:05 "[OPT] (FPS) LOG: 2:00:00 --- Avg. FPS for L. Canavar: [19,45,47,38,42,38,35,32,25,28,23,40,53,41,36,32,34,21,21,38,27,44,58,18,42,51,18,43,36,27,18,33,32,35,44,27,41,30,36,34,36,31,43,43,29,33,30,26,40,38,40,15,34,32,34,36,34,37,44,38,42,44,40,33,35,19,19,35,33,36,31,41,39,42,28,21,32,39]"

2019/02/03, 22:32:05 "[OPT] (FPS) LOG: 2:00:00 --- Min. FPS for L. Canavar: [13,32,40,32,36,33,23,24,16,24,21,29,43,30,30,27,29,19,18,32,22,29,48,16,37,45,16,38,30,17,17,29,29,31,38,7,29,26,31,31,32,25,37,36,23,27,24,19,36,20,34,12,30,27,31,30,29,33,38,30,33,37,26,29,29,14,13,29,29,30,24,34,29,37,25,19,26,32]"

2019/02/03, 22:32:05 "[OPT] (FPS) LOG: 2:00:00 --- Single avg. FPS for L. Canavar: 34.4103"

2019/02/03, 22:32:05 "[OPT] (FPS) LOG: 2:00:00 --- Single min. FPS for L. Canavar: 28.0128"

2019/02/03, 22:32:05 "[OPT] (FPS) LOG: 2:00:00 --- Avg. FPS for [GNC]eXtrem: [3,46,37,57,43,29,29,29,47,41,43,53,45,48,43,45,61,51,48,44,48,41,44,46,45,46,45,85,36,47,54,52,58,56,47,39,48,37,40,33,33,40,40,33,38,29,44,30,44,46,29,42,47,38,56,43,43,40,60,40,39,45,64,46,82,35,37,34,44,42,37,39,39,36,37,39,40,37,60,46,41,37,37,37,43,37,38,23,23,27,40,33,43,53,26,48,55,44,50,49,50,37,45,50,39,28,38,30,37,51,46,41,40,45,39]"

2019/02/03, 22:32:05 "[OPT] (FPS) LOG: 2:00:00 --- Min. FPS for [GNC]eXtrem: [1,40,32,42,36,24,24,25,33,30,36,43,32,42,38,32,53,42,43,37,45,37,37,42,40,40,38,67,31,40,32,43,48,45,40,33,42,32,36,26,16,36,33,29,34,23,37,20,37,38,22,40,36,29,45,37,37,36,38,32,31,40,50,40,63,30,29,29,37,34,29,30,33,28,33,31,37,29,45,43,37,34,33,27,38,32,27,21,20,21,37,26,37,40,23,42,45,36,43,42,42,26,37,42,29,23,31,28,31,45,38,38,33,40,30]"

2019/02/03, 22:32:05 "[OPT] (FPS) LOG: 2:00:00 --- Single avg. FPS for [GNC]eXtrem: 42.4522"

2019/02/03, 22:32:05 "[OPT] (FPS) LOG: 2:00:00 --- Single min. FPS for [GNC]eXtrem: 35.0348"

2019/02/03, 22:32:05 "[OPT] (FPS) LOG: 2:00:00 --- Avg. FPS for Delta: [4,44,41,47,60,42,46,52,48,56,55,53,54,54,46,60,48,42,51,50,51,52,56,51,53,51,50,52,47,51,54,58,53,60,54,49,45,53,40,40,54,47,48,49,40,60,61,59,62,60,43,52,57,52,60,59,60,62,53,60,60,60,54,60,60,64,58,60,60,58,53,60,54,57,58,60,59,47,54,60,42,46,57,60,60,60,53,51,41]"

2019/02/03, 22:32:05 "[OPT] (FPS) LOG: 2:00:00 --- Min. FPS for Delta: [1,34,14,33,53,25,32,45,42,43,48,45,50,50,36,50,40,36,45,43,45,43,33,38,45,42,38,43,42,45,29,45,38,50,43,37,27,37,31,37,40,37,42,42,37,56,53,50,53,50,37,43,50,45,50,50,40,53,28,50,56,56,45,53,53,59,42,53,45,40,45,56,48,50,48,53,53,36,48,53,38,38,30,50,56,53,29,29,20]"

2019/02/03, 22:32:05 "[OPT] (FPS) LOG: 2:00:00 --- Single avg. FPS for Delta: 52.7753"

2019/02/03, 22:32:05 "[OPT] (FPS) LOG: 2:00:00 --- Single min. FPS for Delta: 42.6292"

2019/02/03, 22:32:05 "[OPT] (FPS) LOG: 2:00:00 --- Avg. FPS for Schrecki: [4,60,54,60,60,60,60,55,60,52,60,60,63,60,56,54,60,59,60,60,60,60,60,60,43,63,60,60,60,60,60,64,55,44,59,55,60,52,45,58,60,60,60,60,60,60,60,60,60,60,61,50,59,33,60,60,39,50,60,53,42,62,59,60,60,60,60,60,60,60,60,60,60,33,43,52,60,58,60,37,43,50,56,52,35,54,59,60,60,43,60,60,60,59,60,59,50,56,58,60,60]"

2019/02/03, 22:32:05 "[OPT] (FPS) LOG: 2:00:00 --- Min. FPS for Schrecki: [1,53,21,50,48,50,50,48,56,43,50,50,53,56,48,38,56,56,53,56,53,53,50,45,33,59,56,56,56,56,56,50,43,22,53,50,59,38,40,48,59,59,53,56,56,56,56,56,56,56,50,45,48,23,56,56,36,45,56,40,34,56,42,56,59,59,59,56,56,56,56,56,59,29,38,40,59,50,50,34,40,38,50,38,32,50,43,59,53,37,56,43,56,56,56,50,45,50,50,53,53]"

2019/02/03, 22:32:05 "[OPT] (FPS) LOG: 2:00:00 --- Single avg. FPS for Schrecki: 55.8416"

2019/02/03, 22:32:05 "[OPT] (FPS) LOG: 2:00:00 --- Single min. FPS for Schrecki: 48.9307"

2019/02/03, 22:32:05 "[OPT] (FPS) LOG: 2:00:00 --- Avg. FPS for Wookey: [1,37,23,24,22,12,19,27,25,27,23,20,23,25,23,18,23,23,23,29,27,21,23,31,32,28,21,26,30,23,29,33,26,25,29,22,23,13,24,18,23,21,27,25,21,26,27,24,24,26,22,22,23,34,25,25,16,24,31,22,20,1,21,25,21,22,17,25,23,21,25,20,26,19,28,23,25,26,25,28,22,23,26,23,18,21,22,21,23,26]"

2019/02/03, 22:32:05 "[OPT] (FPS) LOG: 2:00:00 --- Min. FPS for Wookey: [0,31,15,20,19,2,16,23,22,23,16,18,18,23,9,16,20,17,20,21,24,15,20,26,29,24,18,24,26,20,15,29,23,23,18,16,20,13,19,17,20,16,24,14,16,20,23,20,19,23,19,19,17,25,19,14,8,22,26,16,17,0,15,23,19,18,15,22,19,18,19,15,23,15,24,21,19,22,23,21,15,20,18,20,16,17,19,19,21,22]"

2019/02/03, 22:32:05 "[OPT] (FPS) LOG: 2:00:00 --- Single avg. FPS for Wookey: 23.3889"

2019/02/03, 22:32:05 "[OPT] (FPS) LOG: 2:00:00 --- Single min. FPS for Wookey: 18.9222"

2019/02/03, 22:32:05 "[OPT] (FPS) LOG: 2:00:00 --- Avg. FPS for old: [2,2,46,50,35,29,44,44,47,46,39,44,54,33,33,38,50,38,33,44,40,38,41,40,42,37,32,40,36,38,42,36]"

2019/02/03, 22:32:05 "[OPT] (FPS) LOG: 2:00:00 --- Min. FPS for old: [0,0,38,40,30,21,40,37,42,42,33,34,50,31,26,26,43,31,30,38,31,23,36,36,36,29,25,33,33,31,34,34]"

2019/02/03, 22:32:05 "[OPT] (FPS) LOG: 2:00:00 --- Single avg. FPS for old: 37.9062"

2019/02/03, 22:32:05 "[OPT] (FPS) LOG: 2:00:00 --- Single min. FPS for old: 31.6562"

2019/02/03, 22:32:05 "[OPT] (Budget) LOG: 2:00:00 --- Endbudget: (NATO 1.3925e+06 | CSAT -61500)"

2019/02/03, 22:32:05 "[OPT] (Punkte) LOG: 2:00:00 --- Endpunktestand: (NATO 87 | CSAT 6)"

2019/02/03, 22:32:05 Client: Object 21:10 (type Type_128) not found.

2019/02/03, 22:32:05 Client: Object 21:10 (type Type_128) not found.

2019/02/03, 22:32:05 Client: Object 21:10 (type Type_128) not found.

2019/02/03, 22:32:05 Client: Object 21:10 (type Type_127) not found.

2019/02/03, 22:32:05 Client: Object 21:10 (type Type_128) not found.


